make.exe all --print-data-base --no-builtin-variables --no-builtin-rules --question
make.exe: *** No rule to make target 'all'.  Stop.

# GNU Make 4.2
This program is built by Equation Solution <http://www.Equation.com>.
# Copyright (C) 1988-2016 Free Software Foundation, Inc.
# License GPLv3+: GNU GPL version 3 or later <http://gnu.org/licenses/gpl.html>
# This is free software: you are free to change and redistribute it.
# There is NO WARRANTY, to the extent permitted by law.

# Make data base, printed on Fri Dec 02 15:46:42 2022

# Variables

# 'override' directive
GNUMAKEFLAGS := 
# automatic
<D = $(patsubst %/,%,$(patsubst %\,%,$(dir $<)))
# automatic
?F = $(notdir $?)
# default
.SHELLFLAGS := -c
# makefile
MAKEFLAGS = pqrR
# automatic
?D = $(patsubst %/,%,$(patsubst %\,%,$(dir $?)))
# automatic
@D = $(patsubst %/,%,$(patsubst %\,%,$(dir $@)))
# environment
HOMEDRIVE = C:
# automatic
@F = $(notdir $@)
# automatic
^D = $(patsubst %/,%,$(patsubst %\,%,$(dir $^)))
# makefile
CURDIR := c:/Users/Bogomol/Documents/KHPI/campus/chronos/Uchronos
# default
SHELL := sh.exe
# environment
WINDIR = C:\Windows
# environment
VSCODE_NLS_CONFIG = {"locale":"en-us","availableLanguages":{},"_languagePackSupport":true}
# environment
VBOX_MSI_INSTALL_PATH = C:\Program Files\Oracle\VirtualBox\
# environment
ONEDRIVE = C:\Users\Bogomol\OneDrive
# environment
MAVEN_HOME = C:\Users\Bogomol\Downloads\apache-maven-3.8.6-bin\apache-maven-3.8.6
# environment
PATHEXT = .COM;.EXE;.BAT;.CMD;.VBS;.VBE;.JS;.JSE;.WSF;.WSH;.MSC
# makefile (from 'makefile', line 1)
MAKEFILE_LIST :=  Makefile
# environment
FPS_BROWSER_USER_PROFILE_STRING = Default
# environment
TMP = C:\Users\Bogomol\AppData\Local\Temp
# environment
WEBDRIVER.CHROME.DRIVER = C:\Users\Bogomol\Documents\IDEA_project\selenium-java-4.4.0\
# environment
PROGRAMW6432 = C:\Program Files
# environment
PROGRAMDATA = C:\ProgramData
# environment
VSCODE_CWD = C:\Users\Bogomol\AppData\Local\Programs\Microsoft VS Code
# default
MAKE_HOST := x86_64-w64-mingw32
# environment
PATH = C:\Program Files\Eclipse Adoptium\jdk-17.0.4.101-hotspot\bin;c:\users\bogomol\gcc\bin;c:\users\bogomol\gcc\libexec\gcc\x86_64-w64-mingw32\9.2.0;C:\Program Files (x86)\NVIDIA Corporation\PhysX\Common;C:\ProgramData\Oracle\Java\javapath;C:\Windows\system32;C:\Windows;C:\Windows\System32\Wbem;C:\Windows\System32\WindowsPowerShell\v1.0\;C:\Windows\System32\OpenSSH\;C:\Program Files\Git\cmd;C:\Program Files\WireGuard\;C:\Program Files\nodejs\;C:\Program Files\Docker\Docker\resources\bin;C:\ProgramData\DockerDesktop\version-bin;C:\Program Files\MATLAB\R2022b\bin;C:\Program Files\MySQL\MySQL Shell 8.0\bin\;C:\Users\Bogomol\AppData\Local\Microsoft\WindowsApps;C:\Users\Bogomol\AppData\Local\GitHubDesktop\bin;C:\Users\Bogomol\AppData\Local\Programs\Microsoft VS Code\bin;C:\Users\Bogomol\AppData\Roaming\npm;C:\Program Files\JetBrains\IntelliJ IDEA 2022.1.3\bin;;C:\Users\Bogomol\Documents\IDEA_project\selenium-java-4.4.0\chromedriver.exe;C:\Users\Bogomol\Downloads\apache-maven-3.8.6-bin\apache-maven-3.8.6\bin;
# environment
COMMONPROGRAMW6432 = C:\Program Files\Common Files
# environment
ZES_ENABLE_SYSMAN = 1
# environment
PROCESSOR_ARCHITECTURE = AMD64
# environment
USERPROFILE = C:\Users\Bogomol
# environment
ALLUSERSPROFILE = C:\ProgramData
# environment
NUMBER_OF_PROCESSORS = 8
# environment
ELECTRON_RUN_AS_NODE = 1
# default
.FEATURES := target-specific order-only second-expansion else-if shortest-stem undefine oneshell archives jobserver output-sync load
# environment
INTELLIJ IDEA = C:\Program Files\JetBrains\IntelliJ IDEA 2022.1.3\bin;
# environment
CHROMEDRIVER = C:\Users\Bogomol\Documents\IDEA_project\selenium-java-4.4.0\
# environment
CHROME_CRASHPAD_PIPE_NAME = \\.\pipe\crashpad_20980_RTNECNMKXFCHYZLC
# environment
COMPUTERNAME = DESKTOP-09EMBHC
# environment
EQ_LIBRARY_PATH = c:\users\bogomol\gcc\x86_64-w64-mingw32\lib
# environment
PROGRAMFILES = C:\Program Files
# default
.LOADED := 
# environment
DRIVERDATA = C:\Windows\System32\Drivers\DriverData
# environment
ORIGINAL_XDG_CURRENT_DESKTOP = undefined
# environment
USERNAME = Bogomol
# environment
PUBLIC = C:\Users\Public
# environment
VSCODE_AMD_ENTRYPOINT = vs/workbench/api/node/extensionHostProcess
# environment
VSCODE_CODE_CACHE_PATH = C:\Users\Bogomol\AppData\Roaming\Code\CachedData\6261075646f055b99068d3688932416f2346dd3b
# environment
APPLICATION_INSIGHTS_NO_DIAGNOSTIC_CHANNEL = 1
# environment
COMMONPROGRAMFILES = C:\Program Files\Common Files
# environment
LOGONSERVER = \\DESKTOP-09EMBHC
# environment
M2_HOME = C:\Users\Bogomol\Downloads\apache-maven-3.8.6-bin\apache-maven-3.8.6
# environment
ONEDRIVECONSUMER = C:\Users\Bogomol\OneDrive
# environment
VSCODE_HANDLES_UNCAUGHT_ERRORS = true
# environment
USERDOMAIN = DESKTOP-09EMBHC
# environment
MAKELEVEL := 0
# default
MAKE = $(MAKE_COMMAND)
# default
MAKECMDGOALS := all
# default
MAKE_VERSION := 4.2
# makefile
.DEFAULT_GOAL := install
# environment
PROGRAMFILES(X86) = C:\Program Files (x86)
# automatic
%D = $(patsubst %/,%,$(patsubst %\,%,$(dir $%)))
# environment
LOCALAPPDATA = C:\Users\Bogomol\AppData\Local
# environment
PSMODULEPATH = C:\Program Files\WindowsPowerShell\Modules;C:\Windows\system32\WindowsPowerShell\v1.0\Modules
# default
MAKE_COMMAND := make.exe
# default
.VARIABLES := 
# automatic
*F = $(notdir $*)
# environment
PROCESSOR_IDENTIFIER = Intel64 Family 6 Model 142 Stepping 12, GenuineIntel
# environment
OS = Windows_NT
# environment
VSCODE_IPC_HOOK = \\.\pipe\30203e94bf8c9d06a1388bd6cc38598b-1.73.1-main-sock
# environment
HOMEPATH = \Users\Bogomol
# environment
COMMONPROGRAMFILES(X86) = C:\Program Files (x86)\Common Files
# environment
PROMPT = $P$G
# environment
MFLAGS = -pqrR
# automatic
*D = $(patsubst %/,%,$(patsubst %\,%,$(dir $*)))
# environment
SYSTEMROOT = C:\Windows
# automatic
+D = $(patsubst %/,%,$(patsubst %\,%,$(dir $+)))
# automatic
+F = $(notdir $+)
# automatic
%F = $(notdir $%)
# environment
APPDATA = C:\Users\Bogomol\AppData\Roaming
# environment
TEMP = C:\Users\Bogomol\AppData\Local\Temp
# environment
COMSPEC = C:\Windows\system32\cmd.exe
# default
MAKEFILES := 
# environment
ERLANG_HOME = C:\Program Files\Erlang OTP
# automatic
<F = $(notdir $<)
# environment
LC_ALL = C
# automatic
^F = $(notdir $^)
# default
SUFFIXES := 
# environment
SYSTEMDRIVE = C:
# environment
SESSIONNAME = Console
# environment
PROCESSOR_REVISION = 8e0c
# default
.RECIPEPREFIX := 
# environment
LANG = C
# environment
PROCESSOR_LEVEL = 6
# environment
FPS_BROWSER_APP_PROFILE_STRING = Internet Explorer
# environment
VSCODE_PID = 20980
# environment
USERDOMAIN_ROAMINGPROFILE = DESKTOP-09EMBHC
# variable set hash-table stats:
# Load=97/1024=9%, Rehash=0, Collisions=18/118=15%

# Pattern-specific Variable Values

# No pattern-specific variable values.

# Directories

# . (key c:/Users/Bogomol/Documents/KHPI/campus/chronos/Uchronos, mtime 1669836998ll): 10 files, no impossibilities.

# 10 files, no impossibilities in 1 directories.

# Implicit Rules

# No implicit rules.

# Files

# Not a target:
all:
#  Command line target.
#  Implicit rule search has been done.
#  File does not exist.
#  File has not been updated.

# Not a target:
.DEFAULT:
#  Implicit rule search has not been done.
#  Modification time never checked.
#  File has not been updated.

# Not a target:
Makefile:
#  Implicit rule search has been done.
#  Last modified 2022-11-23 16:38:23
#  File has been updated.
#  Successfully updated.

start-backend:
#  Implicit rule search has not been done.
#  Modification time never checked.
#  File has not been updated.
#  recipe to execute (from 'makefile', line 9):
	make -C ./server start

start-frontend:
#  Implicit rule search has not been done.
#  Modification time never checked.
#  File has not been updated.
#  recipe to execute (from 'makefile', line 6):
	make -C ./client start

install:
#  Implicit rule search has not been done.
#  Modification time never checked.
#  File has not been updated.
#  recipe to execute (from 'makefile', line 2):
	make -C server setup
	make -C client install

# files hash-table stats:
# Load=7/1024=1%, Rehash=0, Collisions=0/17=0%
# VPATH Search Paths

# No 'vpath' search paths.

# No general ('VPATH' variable) search path.

# strcache buffers: 1 (0) / strings = 16 / storage = 143 B / avg = 8 B
# current buf: size = 8162 B / used = 143 B / count = 16 / avg = 8 B

# strcache performance: lookups = 22 / hit rate = 27%
# hash-table stats:
# Load=16/8192=0%, Rehash=0, Collisions=1/22=5%
# Finished Make data base on Fri Dec 02 15:46:42 2022

 
